Determining if the pthread_create exist failed with the following output:
Change Dir: /home/xi/workspace/terrain_classifier/preprocessor/build/CMakeFiles/CMakeTmp

Run Build Command:/usr/bin/make "cmTryCompileExec88748668/fast"
/usr/bin/make -f CMakeFiles/cmTryCompileExec88748668.dir/build.make CMakeFiles/cmTryCompileExec88748668.dir/build
make[1]: Entering directory `/home/xi/workspace/terrain_classifier/preprocessor/build/CMakeFiles/CMakeTmp'
/usr/bin/cmake -E cmake_progress_report /home/xi/workspace/terrain_classifier/preprocessor/build/CMakeFiles/CMakeTmp/CMakeFiles 1
Building C object CMakeFiles/cmTryCompileExec88748668.dir/CheckSymbolExists.c.o
/usr/bin/cc    -o CMakeFiles/cmTryCompileExec88748668.dir/CheckSymbolExists.c.o   -c /home/xi/workspace/terrain_classifier/preprocessor/build/CMakeFiles/CMakeTmp/CheckSymbolExists.c
Linking C executable cmTryCompileExec88748668
/usr/bin/cmake -E cmake_link_script CMakeFiles/cmTryCompileExec88748668.dir/link.txt --verbose=1
/usr/bin/cc       CMakeFiles/cmTryCompileExec88748668.dir/CheckSymbolExists.c.o  -o cmTryCompileExec88748668 -rdynamic 
CMakeFiles/cmTryCompileExec88748668.dir/CheckSymbolExists.c.o: In function `main':
CheckSymbolExists.c:(.text+0x16): undefined reference to `pthread_create'
collect2: error: ld returned 1 exit status
make[1]: Leaving directory `/home/xi/workspace/terrain_classifier/preprocessor/build/CMakeFiles/CMakeTmp'
make[1]: *** [cmTryCompileExec88748668] Error 1
make: *** [cmTryCompileExec88748668/fast] Error 2

File /home/xi/workspace/terrain_classifier/preprocessor/build/CMakeFiles/CMakeTmp/CheckSymbolExists.c:
/* */
#include <pthread.h>

int main(int argc, char** argv)
{
  (void)argv;
#ifndef pthread_create
  return ((int*)(&pthread_create))[argc];
#else
  (void)argc;
  return 0;
#endif
}

Determining if the function pthread_create exists in the pthreads failed with the following output:
Change Dir: /home/xi/workspace/terrain_classifier/preprocessor/build/CMakeFiles/CMakeTmp

Run Build Command:/usr/bin/make "cmTryCompileExec1055823208/fast"
/usr/bin/make -f CMakeFiles/cmTryCompileExec1055823208.dir/build.make CMakeFiles/cmTryCompileExec1055823208.dir/build
make[1]: Entering directory `/home/xi/workspace/terrain_classifier/preprocessor/build/CMakeFiles/CMakeTmp'
/usr/bin/cmake -E cmake_progress_report /home/xi/workspace/terrain_classifier/preprocessor/build/CMakeFiles/CMakeTmp/CMakeFiles 1
Building C object CMakeFiles/cmTryCompileExec1055823208.dir/CheckFunctionExists.c.o
/usr/bin/cc   -DCHECK_FUNCTION_EXISTS=pthread_create   -o CMakeFiles/cmTryCompileExec1055823208.dir/CheckFunctionExists.c.o   -c /usr/share/cmake-2.8/Modules/CheckFunctionExists.c
Linking C executable cmTryCompileExec1055823208
/usr/bin/cmake -E cmake_link_script CMakeFiles/cmTryCompileExec1055823208.dir/link.txt --verbose=1
/usr/bin/cc   -DCHECK_FUNCTION_EXISTS=pthread_create    CMakeFiles/cmTryCompileExec1055823208.dir/CheckFunctionExists.c.o  -o cmTryCompileExec1055823208 -rdynamic -lpthreads 
/usr/bin/ld: cannot find -lpthreads
collect2: error: ld returned 1 exit status
make[1]: *** [cmTryCompileExec1055823208] Error 1
make[1]: Leaving directory `/home/xi/workspace/terrain_classifier/preprocessor/build/CMakeFiles/CMakeTmp'
make: *** [cmTryCompileExec1055823208/fast] Error 2


